<?xml version="1.0" encoding="UTF-8"?>
<!-- Generated by org.testng.reporters.JUnitXMLReporter -->
<testsuite ignored="0" hostname="EC2AMAZ-EHR6SVV" failures="0" tests="4" name="Default test" time="4.638" errors="0" timestamp="2024-12-24T09:55:04 IST">
  <testcase classname="com.Notes.All_Soap_Requests" name="post_operation" time="2.731"/>
  <testcase classname="com.Notes.All_Soap_Requests" name="post_operation" time="0.618"/>
  <testcase classname="com.Notes.All_Soap_Requests" name="post_operation" time="0.609"/>
  <testcase classname="com.Notes.All_Soap_Requests" name="post_operation" time="0.6"/>
</testsuite> <!-- Default test -->
