<?xml version="1.0" encoding="UTF-8"?>
<!-- Generated by org.testng.reporters.JUnitXMLReporter -->
<testsuite ignored="0" hostname="EC2AMAZ-EHR6SVV" failures="0" tests="8" name="Test" time="7.128" errors="0" timestamp="2024-12-24T12:44:48 IST">
  <testcase classname="com.Countries.GetDefaultCountry" name="getDefaultCountry" time="0.534"/>
  <testcase classname="com.Notes.CreateToken" name="getToken" time="0.488"/>
  <testcase classname="com.Notes.CreateNote" name="createNotes" time="0.457"/>
  <testcase classname="com.Notes.Create_Notes_All_Negative_TCS" name="createNotes_TCS" time="0.372"/>
  <testcase classname="com.Notes.Create_Notes_All_Negative_TCS" name="createNotes_TCS" time="0.402"/>
  <testcase classname="com.Notes.Create_Notes_All_Negative_TCS" name="createNotes_TCS" time="0.386"/>
  <testcase classname="com.Notes.Create_Notes_All_Negative_TCS" name="createNotes_TCS" time="0.385"/>
  <testcase classname="com.Notes.Create_Notes_All_Negative_TCS" name="createNotes_TCS" time="0.382"/>
</testsuite> <!-- Test -->
