<?xml version="1.0" encoding="UTF-8"?>
<!-- Generated by org.testng.reporters.JUnitXMLReporter -->
<testsuite ignored="0" hostname="EC2AMAZ-EHR6SVV" failures="0" tests="10" name="Test" time="7.764" errors="0" timestamp="2024-12-24T12:09:08 IST">
  <testcase classname="com.Countries.GetDefaultCountry" name="getDefaultCountry" time="0.46"/>
  <testcase classname="com.Countries.RetriveACountry" name="getDefaultCountry" time="0.544"/>
  <testcase classname="com.Notes.Create_Notes_All_TCS" name="createNotes_TCS" time="0.46"/>
  <testcase classname="com.Notes.Create_Notes_All_TCS" name="createNotes_TCS" time="0.461"/>
  <testcase classname="com.Notes.Create_Notes_All_TCS" name="createNotes_TCS" time="0.454"/>
  <testcase classname="com.Notes.Create_Notes_All_Negative_TCS" name="createNotes_TCS" time="0.373"/>
  <testcase classname="com.Notes.Create_Notes_All_Negative_TCS" name="createNotes_TCS" time="0.37"/>
  <testcase classname="com.Notes.Create_Notes_All_Negative_TCS" name="createNotes_TCS" time="0.369"/>
  <testcase classname="com.Notes.Create_Notes_All_Negative_TCS" name="createNotes_TCS" time="0.365"/>
  <testcase classname="com.Notes.Create_Notes_All_Negative_TCS" name="createNotes_TCS" time="0.372"/>
</testsuite> <!-- Test -->
