<?xml version="1.0" encoding="UTF-8"?>
<!-- Generated by org.testng.reporters.JUnitXMLReporter -->
<testsuite ignored="0" hostname="EC2AMAZ-EHR6SVV" failures="0" tests="8" name="Test" time="7.321" errors="0" timestamp="2024-12-24T12:47:35 IST">
  <testcase classname="com.Countries.GetDefaultCountry" name="getDefaultCountry" time="0.45"/>
  <testcase classname="com.Notes.CreateToken" name="getToken" time="0.512"/>
  <testcase classname="com.Notes.CreateNote" name="createNotes" time="0.459"/>
  <testcase classname="com.Notes.Create_Notes_All_Negative_TCS" name="createNotes_TCS" time="0.372"/>
  <testcase classname="com.Notes.Create_Notes_All_Negative_TCS" name="createNotes_TCS" time="0.359"/>
  <testcase classname="com.Notes.Create_Notes_All_Negative_TCS" name="createNotes_TCS" time="0.389"/>
  <testcase classname="com.Notes.Create_Notes_All_Negative_TCS" name="createNotes_TCS" time="0.377"/>
  <testcase classname="com.Notes.Create_Notes_All_Negative_TCS" name="createNotes_TCS" time="0.365"/>
</testsuite> <!-- Test -->
