<?xml version="1.0" encoding="UTF-8"?>
<testng-results ignored="0" total="8" passed="8" failed="0" skipped="0">
  <reporter-output>
  </reporter-output>
  <suite started-at="2024-12-24T12:47:28 IST" name="Suite" finished-at="2024-12-24T12:47:35 IST" duration-ms="7321">
    <groups>
    </groups>
    <test started-at="2024-12-24T12:47:28 IST" name="Test" finished-at="2024-12-24T12:47:35 IST" duration-ms="7321">
      <class name="com.Notes.Create_Notes_All_Negative_TCS">
        <test-method is-config="true" signature="getToken()[pri:0, instance:com.Notes.Create_Notes_All_Negative_TCS@4310d43]" started-at="2024-12-24T12:47:31 IST" name="getToken" finished-at="2024-12-24T12:47:32 IST" duration-ms="547" status="PASS">
          <reporter-output>
          </reporter-output>
        </test-method> <!-- getToken -->
        <test-method signature="createNotes_TCS(java.lang.String,java.lang.String,java.lang.String,java.lang.String)[pri:0, instance:com.Notes.Create_Notes_All_Negative_TCS@4310d43]" started-at="2024-12-24T12:47:33 IST" name="createNotes_TCS" data-provider="create_note_negative_tcs" finished-at="2024-12-24T12:47:34 IST" duration-ms="372" status="PASS">
          <params>
            <param index="0">
              <value>
                <![CDATA[Home]]>
              </value>
            </param>
            <param index="1">
              <value>
                <![CDATA[Hom]]>
              </value>
            </param>
            <param index="2">
              <value>
                <![CDATA[Done for Home]]>
              </value>
            </param>
            <param index="3">
              <value>
                <![CDATA[Title must be between 4 and 100 characters]]>
              </value>
            </param>
          </params>
          <reporter-output>
          </reporter-output>
        </test-method> <!-- createNotes_TCS -->
        <test-method signature="createNotes_TCS(java.lang.String,java.lang.String,java.lang.String,java.lang.String)[pri:0, instance:com.Notes.Create_Notes_All_Negative_TCS@4310d43]" started-at="2024-12-24T12:47:34 IST" name="createNotes_TCS" data-provider="create_note_negative_tcs" finished-at="2024-12-24T12:47:34 IST" duration-ms="359" status="PASS">
          <params>
            <param index="0">
              <value>
                <![CDATA[Work]]>
              </value>
            </param>
            <param index="1">
              <value>
                <![CDATA[Work_API]]>
              </value>
            </param>
            <param index="2">
              <value>
                <![CDATA[]]>
              </value>
            </param>
            <param index="3">
              <value>
                <![CDATA[Description must be between 4 and 1000 characters]]>
              </value>
            </param>
          </params>
          <reporter-output>
          </reporter-output>
        </test-method> <!-- createNotes_TCS -->
        <test-method signature="createNotes_TCS(java.lang.String,java.lang.String,java.lang.String,java.lang.String)[pri:0, instance:com.Notes.Create_Notes_All_Negative_TCS@4310d43]" started-at="2024-12-24T12:47:34 IST" name="createNotes_TCS" data-provider="create_note_negative_tcs" finished-at="2024-12-24T12:47:34 IST" duration-ms="389" status="PASS">
          <params>
            <param index="0">
              <value>
                <![CDATA[Work]]>
              </value>
            </param>
            <param index="1">
              <value>
                <![CDATA[Work_API]]>
              </value>
            </param>
            <param index="2">
              <value>
                <![CDATA[Des]]>
              </value>
            </param>
            <param index="3">
              <value>
                <![CDATA[Description must be between 4 and 1000 characters]]>
              </value>
            </param>
          </params>
          <reporter-output>
          </reporter-output>
        </test-method> <!-- createNotes_TCS -->
        <test-method signature="createNotes_TCS(java.lang.String,java.lang.String,java.lang.String,java.lang.String)[pri:0, instance:com.Notes.Create_Notes_All_Negative_TCS@4310d43]" started-at="2024-12-24T12:47:34 IST" name="createNotes_TCS" data-provider="create_note_negative_tcs" finished-at="2024-12-24T12:47:35 IST" duration-ms="377" status="PASS">
          <params>
            <param index="0">
              <value>
                <![CDATA[Personal]]>
              </value>
            </param>
            <param index="1">
              <value>
                <![CDATA[]]>
              </value>
            </param>
            <param index="2">
              <value>
                <![CDATA[Done for Personal]]>
              </value>
            </param>
            <param index="3">
              <value>
                <![CDATA[Title must be between 4 and 100 characters]]>
              </value>
            </param>
          </params>
          <reporter-output>
          </reporter-output>
        </test-method> <!-- createNotes_TCS -->
        <test-method signature="createNotes_TCS(java.lang.String,java.lang.String,java.lang.String,java.lang.String)[pri:0, instance:com.Notes.Create_Notes_All_Negative_TCS@4310d43]" started-at="2024-12-24T12:47:35 IST" name="createNotes_TCS" data-provider="create_note_negative_tcs" finished-at="2024-12-24T12:47:35 IST" duration-ms="365" status="PASS">
          <params>
            <param index="0">
              <value>
                <![CDATA[]]>
              </value>
            </param>
            <param index="1">
              <value>
                <![CDATA[Title]]>
              </value>
            </param>
            <param index="2">
              <value>
                <![CDATA[Done for Personal]]>
              </value>
            </param>
            <param index="3">
              <value>
                <![CDATA[Category must be one of the categories: Home, Work, Personal]]>
              </value>
            </param>
          </params>
          <reporter-output>
          </reporter-output>
        </test-method> <!-- createNotes_TCS -->
      </class> <!-- com.Notes.Create_Notes_All_Negative_TCS -->
      <class name="com.Notes.CreateNote">
        <test-method is-config="true" signature="getToken()[pri:0, instance:com.Notes.CreateNote@61001b64]" started-at="2024-12-24T12:47:28 IST" name="getToken" finished-at="2024-12-24T12:47:31 IST" duration-ms="3421" status="PASS">
          <reporter-output>
          </reporter-output>
        </test-method> <!-- getToken -->
        <test-method signature="createNotes()[pri:0, instance:com.Notes.CreateNote@61001b64]" started-at="2024-12-24T12:47:33 IST" name="createNotes" finished-at="2024-12-24T12:47:33 IST" duration-ms="459" status="PASS">
          <reporter-output>
          </reporter-output>
        </test-method> <!-- createNotes -->
      </class> <!-- com.Notes.CreateNote -->
      <class name="com.Notes.CreateToken">
        <test-method signature="getToken()[pri:0, instance:com.Notes.CreateToken@d5b810e]" started-at="2024-12-24T12:47:32 IST" name="getToken" finished-at="2024-12-24T12:47:33 IST" duration-ms="512" status="PASS">
          <reporter-output>
          </reporter-output>
        </test-method> <!-- getToken -->
      </class> <!-- com.Notes.CreateToken -->
      <class name="com.Countries.GetDefaultCountry">
        <test-method signature="getDefaultCountry()[pri:0, instance:com.Countries.GetDefaultCountry@4f2b503c]" started-at="2024-12-24T12:47:32 IST" name="getDefaultCountry" finished-at="2024-12-24T12:47:32 IST" duration-ms="450" status="PASS">
          <reporter-output>
          </reporter-output>
        </test-method> <!-- getDefaultCountry -->
      </class> <!-- com.Countries.GetDefaultCountry -->
    </test> <!-- Test -->
  </suite> <!-- Suite -->
</testng-results>
