<?xml version="1.0" encoding="UTF-8"?>
<testng-results ignored="0" total="2" passed="2" failed="0" skipped="0">
  <reporter-output>
  </reporter-output>
  <suite started-at="2024-12-24T11:21:06 IST" name="Suite" finished-at="2024-12-24T11:21:08 IST" duration-ms="2983">
    <groups>
    </groups>
    <test started-at="2024-12-24T11:21:06 IST" name="Test" finished-at="2024-12-24T11:21:08 IST" duration-ms="2983">
      <class name="com.Countries.RetriveACountry">
        <test-method signature="getDefaultCountry()[pri:0, instance:com.Countries.RetriveACountry@72057ecf]" started-at="2024-12-24T11:21:08 IST" name="getDefaultCountry" finished-at="2024-12-24T11:21:08 IST" duration-ms="529" status="PASS">
          <reporter-output>
          </reporter-output>
        </test-method> <!-- getDefaultCountry -->
      </class> <!-- com.Countries.RetriveACountry -->
      <class name="com.Countries.GetDefaultCountry">
        <test-method signature="getDefaultCountry()[pri:0, instance:com.Countries.GetDefaultCountry@20deea7f]" started-at="2024-12-24T11:21:06 IST" name="getDefaultCountry" finished-at="2024-12-24T11:21:08 IST" duration-ms="2407" status="PASS">
          <reporter-output>
          </reporter-output>
        </test-method> <!-- getDefaultCountry -->
      </class> <!-- com.Countries.GetDefaultCountry -->
    </test> <!-- Test -->
  </suite> <!-- Suite -->
</testng-results>
